[2026-06-22T22:18:14.276+0000] {local_task_job_runner.py:120} INFO - ::group::Pre task execution logs
[2026-06-22T22:18:14.322+0000] {taskinstance.py:2073} INFO - Dependencies all met for dep_context=non-requeueable deps ti=<TaskInstance: ecommerce_sales_pipeline.quality_check manual__2026-06-22T22:18:10.468434+00:00 [queued]>
[2026-06-22T22:18:14.336+0000] {taskinstance.py:2073} INFO - Dependencies all met for dep_context=requeueable deps ti=<TaskInstance: ecommerce_sales_pipeline.quality_check manual__2026-06-22T22:18:10.468434+00:00 [queued]>
[2026-06-22T22:18:14.336+0000] {taskinstance.py:2303} INFO - Starting attempt 1 of 3
[2026-06-22T22:18:14.353+0000] {taskinstance.py:2327} INFO - Executing <Task(PythonOperator): quality_check> on 2026-06-22 22:18:10.468434+00:00
[2026-06-22T22:18:14.363+0000] {logging_mixin.py:188} WARNING - /home/***/.local/lib/python3.12/site-packages/***/task/task_runner/standard_task_runner.py:61 DeprecationWarning: This process (pid=1634) is multi-threaded, use of fork() may lead to deadlocks in the child.
[2026-06-22T22:18:14.365+0000] {standard_task_runner.py:63} INFO - Started process 1635 to run task
[2026-06-22T22:18:14.365+0000] {standard_task_runner.py:90} INFO - Running: ['***', 'tasks', 'run', 'ecommerce_sales_pipeline', 'quality_check', 'manual__2026-06-22T22:18:10.468434+00:00', '--job-id', '27', '--raw', '--subdir', 'DAGS_FOLDER/ecommerce_sales_pipeline.py', '--cfg-path', '/tmp/tmpv88ba28g']
[2026-06-22T22:18:14.367+0000] {standard_task_runner.py:91} INFO - Job 27: Subtask quality_check
[2026-06-22T22:18:14.432+0000] {task_command.py:426} INFO - Running <TaskInstance: ecommerce_sales_pipeline.quality_check manual__2026-06-22T22:18:10.468434+00:00 [running]> on host e1104674939d
[2026-06-22T22:18:14.575+0000] {taskinstance.py:2644} INFO - Exporting env vars: AIRFLOW_CTX_DAG_OWNER='***' AIRFLOW_CTX_DAG_ID='ecommerce_sales_pipeline' AIRFLOW_CTX_TASK_ID='quality_check' AIRFLOW_CTX_EXECUTION_DATE='2026-06-22T22:18:10.468434+00:00' AIRFLOW_CTX_TRY_NUMBER='1' AIRFLOW_CTX_DAG_RUN_ID='manual__2026-06-22T22:18:10.468434+00:00'
[2026-06-22T22:18:14.577+0000] {taskinstance.py:430} INFO - ::endgroup::
[2026-06-22T22:18:14.597+0000] {logging_mixin.py:188} INFO - Lignes valides : 18
[2026-06-22T22:18:14.598+0000] {logging_mixin.py:188} INFO - Lignes invalides : 2
[2026-06-22T22:18:14.599+0000] {python.py:237} INFO - Done. Returned value was: {'valid_rows': 18, 'invalid_rows': 2, 'error_file': '/opt/***/data/errors.csv'}
[2026-06-22T22:18:14.599+0000] {taskinstance.py:441} INFO - ::group::Post task execution logs
[2026-06-22T22:18:14.636+0000] {taskinstance.py:1205} INFO - Marking task as SUCCESS. dag_id=ecommerce_sales_pipeline, task_id=quality_check, execution_date=20260622T221810, start_date=20260622T221814, end_date=20260622T221814
[2026-06-22T22:18:14.675+0000] {local_task_job_runner.py:240} INFO - Task exited with return code 0
[2026-06-22T22:18:14.723+0000] {taskinstance.py:3482} INFO - 1 downstream tasks scheduled from follow-on schedule check
[2026-06-22T22:18:14.726+0000] {local_task_job_runner.py:222} INFO - ::endgroup::
