[2026-06-22T17:16:11.823+0000] {local_task_job_runner.py:120} INFO - ::group::Pre task execution logs
[2026-06-22T17:16:11.939+0000] {taskinstance.py:2073} INFO - Dependencies all met for dep_context=non-requeueable deps ti=<TaskInstance: ecommerce_sales_pipeline.wait_for_file manual__2026-06-22T17:16:10.395435+00:00 [queued]>
[2026-06-22T17:16:11.957+0000] {taskinstance.py:2073} INFO - Dependencies all met for dep_context=requeueable deps ti=<TaskInstance: ecommerce_sales_pipeline.wait_for_file manual__2026-06-22T17:16:10.395435+00:00 [queued]>
[2026-06-22T17:16:11.958+0000] {taskinstance.py:2303} INFO - Starting attempt 1 of 3
[2026-06-22T17:16:11.982+0000] {taskinstance.py:2327} INFO - Executing <Task(FileSensor): wait_for_file> on 2026-06-22 17:16:10.395435+00:00
[2026-06-22T17:16:11.993+0000] {logging_mixin.py:188} WARNING - /home/***/.local/lib/python3.12/site-packages/***/task/task_runner/standard_task_runner.py:61 DeprecationWarning: This process (pid=314) is multi-threaded, use of fork() may lead to deadlocks in the child.
[2026-06-22T17:16:12.022+0000] {standard_task_runner.py:63} INFO - Started process 315 to run task
[2026-06-22T17:16:11.993+0000] {standard_task_runner.py:90} INFO - Running: ['***', 'tasks', 'run', 'ecommerce_sales_pipeline', 'wait_for_file', 'manual__2026-06-22T17:16:10.395435+00:00', '--job-id', '2', '--raw', '--subdir', 'DAGS_FOLDER/ecommerce_sales_pipeline.py', '--cfg-path', '/tmp/tmp_yqmj5mo']
[2026-06-22T17:16:12.036+0000] {standard_task_runner.py:91} INFO - Job 2: Subtask wait_for_file
[2026-06-22T17:16:12.412+0000] {task_command.py:426} INFO - Running <TaskInstance: ecommerce_sales_pipeline.wait_for_file manual__2026-06-22T17:16:10.395435+00:00 [running]> on host e1104674939d
[2026-06-22T17:16:12.636+0000] {taskinstance.py:2644} INFO - Exporting env vars: AIRFLOW_CTX_DAG_OWNER='***' AIRFLOW_CTX_DAG_ID='ecommerce_sales_pipeline' AIRFLOW_CTX_TASK_ID='wait_for_file' AIRFLOW_CTX_EXECUTION_DATE='2026-06-22T17:16:10.395435+00:00' AIRFLOW_CTX_TRY_NUMBER='1' AIRFLOW_CTX_DAG_RUN_ID='manual__2026-06-22T17:16:10.395435+00:00'
[2026-06-22T17:16:12.638+0000] {taskinstance.py:430} INFO - ::endgroup::
[2026-06-22T17:16:12.740+0000] {baseoperator.py:399} WARNING - FileSensor.execute cannot be called outside TaskInstance!
[2026-06-22T17:16:12.788+0000] {taskinstance.py:441} INFO - ::group::Post task execution logs
[2026-06-22T17:16:12.809+0000] {taskinstance.py:2890} ERROR - Task failed with exception
Traceback (most recent call last):
  File "/home/airflow/.local/lib/python3.12/site-packages/airflow/models/taskinstance.py", line 465, in _execute_task
    result = _execute_callable(context=context, **execute_callable_kwargs)
             ^^^^^^^^^^^^^^^^^^^^^^^^^^^^^^^^^^^^^^^^^^^^^^^^^^^^^^^^^^^^^
  File "/home/airflow/.local/lib/python3.12/site-packages/airflow/models/taskinstance.py", line 432, in _execute_callable
    return execute_callable(context=context, **execute_callable_kwargs)
           ^^^^^^^^^^^^^^^^^^^^^^^^^^^^^^^^^^^^^^^^^^^^^^^^^^^^^^^^^^^^
  File "/home/airflow/.local/lib/python3.12/site-packages/airflow/models/baseoperator.py", line 400, in wrapper
    return func(self, *args, **kwargs)
           ^^^^^^^^^^^^^^^^^^^^^^^^^^^
  File "/home/airflow/.local/lib/python3.12/site-packages/airflow/sensors/filesystem.py", line 99, in execute
    super().execute(context=context)
  File "/home/airflow/.local/lib/python3.12/site-packages/airflow/models/baseoperator.py", line 400, in wrapper
    return func(self, *args, **kwargs)
           ^^^^^^^^^^^^^^^^^^^^^^^^^^^
  File "/home/airflow/.local/lib/python3.12/site-packages/airflow/sensors/base.py", line 264, in execute
    raise e
  File "/home/airflow/.local/lib/python3.12/site-packages/airflow/sensors/base.py", line 246, in execute
    poke_return = self.poke(context)
                  ^^^^^^^^^^^^^^^^^^
  File "/home/airflow/.local/lib/python3.12/site-packages/airflow/sensors/filesystem.py", line 85, in poke
    self.log.info("Poking for file %s", self.path)
                                        ^^^^^^^^^
  File "/usr/local/lib/python3.12/functools.py", line 995, in __get__
    val = self.func(instance)
          ^^^^^^^^^^^^^^^^^^^
  File "/home/airflow/.local/lib/python3.12/site-packages/airflow/sensors/filesystem.py", line 79, in path
    hook = FSHook(self.fs_conn_id)
           ^^^^^^^^^^^^^^^^^^^^^^^
  File "/home/airflow/.local/lib/python3.12/site-packages/airflow/hooks/filesystem.py", line 64, in __init__
    conn = self.get_connection(fs_conn_id)
           ^^^^^^^^^^^^^^^^^^^^^^^^^^^^^^^
  File "/home/airflow/.local/lib/python3.12/site-packages/airflow/hooks/base.py", line 83, in get_connection
    conn = Connection.get_connection_from_secrets(conn_id)
           ^^^^^^^^^^^^^^^^^^^^^^^^^^^^^^^^^^^^^^^^^^^^^^^
  File "/home/airflow/.local/lib/python3.12/site-packages/airflow/models/connection.py", line 519, in get_connection_from_secrets
    raise AirflowNotFoundException(f"The conn_id `{conn_id}` isn't defined")
airflow.exceptions.AirflowNotFoundException: The conn_id `fs_default` isn't defined
[2026-06-22T17:16:12.822+0000] {taskinstance.py:1205} INFO - Marking task as UP_FOR_RETRY. dag_id=ecommerce_sales_pipeline, task_id=wait_for_file, execution_date=20260622T171610, start_date=20260622T171611, end_date=20260622T171612
[2026-06-22T17:16:12.855+0000] {standard_task_runner.py:110} ERROR - Failed to execute job 2 for task wait_for_file (The conn_id `fs_default` isn't defined; 315)
[2026-06-22T17:16:12.898+0000] {local_task_job_runner.py:240} INFO - Task exited with return code 1
[2026-06-22T17:16:12.945+0000] {taskinstance.py:3482} INFO - 0 downstream tasks scheduled from follow-on schedule check
[2026-06-22T17:16:12.947+0000] {local_task_job_runner.py:222} INFO - ::endgroup::
