[2026-06-22T17:17:19.110+0000] {local_task_job_runner.py:120} INFO - ::group::Pre task execution logs
[2026-06-22T17:17:19.203+0000] {taskinstance.py:2073} INFO - Dependencies all met for dep_context=non-requeueable deps ti=<TaskInstance: ecommerce_sales_pipeline.generate_report scheduled__2026-06-21T00:00:00+00:00 [queued]>
[2026-06-22T17:17:19.240+0000] {taskinstance.py:2073} INFO - Dependencies all met for dep_context=requeueable deps ti=<TaskInstance: ecommerce_sales_pipeline.generate_report scheduled__2026-06-21T00:00:00+00:00 [queued]>
[2026-06-22T17:17:19.243+0000] {taskinstance.py:2303} INFO - Starting attempt 1 of 3
[2026-06-22T17:17:19.287+0000] {taskinstance.py:2327} INFO - Executing <Task(PythonOperator): generate_report> on 2026-06-21 00:00:00+00:00
[2026-06-22T17:17:19.302+0000] {standard_task_runner.py:90} INFO - Running: ['***', 'tasks', 'run', 'ecommerce_sales_pipeline', 'generate_report', 'scheduled__2026-06-21T00:00:00+00:00', '--job-id', '8', '--raw', '--subdir', 'DAGS_FOLDER/ecommerce_sales_pipeline.py', '--cfg-path', '/tmp/tmpq4s27o33']
[2026-06-22T17:17:19.306+0000] {standard_task_runner.py:91} INFO - Job 8: Subtask generate_report
[2026-06-22T17:17:19.308+0000] {logging_mixin.py:188} WARNING - /home/***/.local/lib/python3.12/site-packages/***/task/task_runner/standard_task_runner.py:61 DeprecationWarning: This process (pid=335) is multi-threaded, use of fork() may lead to deadlocks in the child.
[2026-06-22T17:17:19.309+0000] {standard_task_runner.py:63} INFO - Started process 337 to run task
[2026-06-22T17:17:19.455+0000] {task_command.py:426} INFO - Running <TaskInstance: ecommerce_sales_pipeline.generate_report scheduled__2026-06-21T00:00:00+00:00 [running]> on host e1104674939d
[2026-06-22T17:17:19.694+0000] {taskinstance.py:2644} INFO - Exporting env vars: AIRFLOW_CTX_DAG_OWNER='***' AIRFLOW_CTX_DAG_ID='ecommerce_sales_pipeline' AIRFLOW_CTX_TASK_ID='generate_report' AIRFLOW_CTX_EXECUTION_DATE='2026-06-21T00:00:00+00:00' AIRFLOW_CTX_TRY_NUMBER='1' AIRFLOW_CTX_DAG_RUN_ID='scheduled__2026-06-21T00:00:00+00:00'
[2026-06-22T17:17:19.695+0000] {taskinstance.py:430} INFO - ::endgroup::
[2026-06-22T17:17:19.751+0000] {logging_mixin.py:188} INFO - ==================================================
[2026-06-22T17:17:19.752+0000] {logging_mixin.py:188} INFO - RAPPORT FINAL E-COMMERCE
[2026-06-22T17:17:19.752+0000] {logging_mixin.py:188} INFO - ==================================================
[2026-06-22T17:17:19.753+0000] {taskinstance.py:441} INFO - ::group::Post task execution logs
[2026-06-22T17:17:19.753+0000] {taskinstance.py:2890} ERROR - Task failed with exception
Traceback (most recent call last):
  File "/home/airflow/.local/lib/python3.12/site-packages/airflow/models/taskinstance.py", line 465, in _execute_task
    result = _execute_callable(context=context, **execute_callable_kwargs)
             ^^^^^^^^^^^^^^^^^^^^^^^^^^^^^^^^^^^^^^^^^^^^^^^^^^^^^^^^^^^^^
  File "/home/airflow/.local/lib/python3.12/site-packages/airflow/models/taskinstance.py", line 432, in _execute_callable
    return execute_callable(context=context, **execute_callable_kwargs)
           ^^^^^^^^^^^^^^^^^^^^^^^^^^^^^^^^^^^^^^^^^^^^^^^^^^^^^^^^^^^^
  File "/home/airflow/.local/lib/python3.12/site-packages/airflow/models/baseoperator.py", line 400, in wrapper
    return func(self, *args, **kwargs)
           ^^^^^^^^^^^^^^^^^^^^^^^^^^^
  File "/home/airflow/.local/lib/python3.12/site-packages/airflow/operators/python.py", line 235, in execute
    return_value = self.execute_callable()
                   ^^^^^^^^^^^^^^^^^^^^^^^
  File "/home/airflow/.local/lib/python3.12/site-packages/airflow/operators/python.py", line 252, in execute_callable
    return self.python_callable(*self.op_args, **self.op_kwargs)
           ^^^^^^^^^^^^^^^^^^^^^^^^^^^^^^^^^^^^^^^^^^^^^^^^^^^^^
  File "/opt/airflow/dags/ecommerce_sales_pipeline.py", line 245, in generate_report
    print(f"Nb commandes       : {kpi['nb_commandes']}")
                                  ~~~^^^^^^^^^^^^^^^^
TypeError: 'NoneType' object is not subscriptable
[2026-06-22T17:17:19.778+0000] {taskinstance.py:1205} INFO - Marking task as UP_FOR_RETRY. dag_id=ecommerce_sales_pipeline, task_id=generate_report, execution_date=20260621T000000, start_date=20260622T171719, end_date=20260622T171719
[2026-06-22T17:17:19.802+0000] {standard_task_runner.py:110} ERROR - Failed to execute job 8 for task generate_report ('NoneType' object is not subscriptable; 337)
[2026-06-22T17:17:19.840+0000] {local_task_job_runner.py:240} INFO - Task exited with return code 1
[2026-06-22T17:17:20.085+0000] {taskinstance.py:3482} INFO - 0 downstream tasks scheduled from follow-on schedule check
[2026-06-22T17:17:20.098+0000] {local_task_job_runner.py:222} INFO - ::endgroup::
