[2026-06-22T22:18:11.625+0000] {local_task_job_runner.py:120} INFO - ::group::Pre task execution logs
[2026-06-22T22:18:11.704+0000] {taskinstance.py:2073} INFO - Dependencies all met for dep_context=non-requeueable deps ti=<TaskInstance: ecommerce_sales_pipeline.wait_for_file manual__2026-06-22T22:18:10.468434+00:00 [queued]>
[2026-06-22T22:18:11.717+0000] {taskinstance.py:2073} INFO - Dependencies all met for dep_context=requeueable deps ti=<TaskInstance: ecommerce_sales_pipeline.wait_for_file manual__2026-06-22T22:18:10.468434+00:00 [queued]>
[2026-06-22T22:18:11.718+0000] {taskinstance.py:2303} INFO - Starting attempt 1 of 3
[2026-06-22T22:18:11.740+0000] {taskinstance.py:2327} INFO - Executing <Task(FileSensor): wait_for_file> on 2026-06-22 22:18:10.468434+00:00
[2026-06-22T22:18:11.754+0000] {logging_mixin.py:188} WARNING - /home/***/.local/lib/python3.12/site-packages/***/task/task_runner/standard_task_runner.py:61 DeprecationWarning: This process (pid=1630) is multi-threaded, use of fork() may lead to deadlocks in the child.
[2026-06-22T22:18:11.757+0000] {standard_task_runner.py:63} INFO - Started process 1631 to run task
[2026-06-22T22:18:11.753+0000] {standard_task_runner.py:90} INFO - Running: ['***', 'tasks', 'run', 'ecommerce_sales_pipeline', 'wait_for_file', 'manual__2026-06-22T22:18:10.468434+00:00', '--job-id', '25', '--raw', '--subdir', 'DAGS_FOLDER/ecommerce_sales_pipeline.py', '--cfg-path', '/tmp/tmpem7aiq3m']
[2026-06-22T22:18:11.759+0000] {standard_task_runner.py:91} INFO - Job 25: Subtask wait_for_file
[2026-06-22T22:18:11.866+0000] {task_command.py:426} INFO - Running <TaskInstance: ecommerce_sales_pipeline.wait_for_file manual__2026-06-22T22:18:10.468434+00:00 [running]> on host e1104674939d
[2026-06-22T22:18:12.085+0000] {taskinstance.py:2644} INFO - Exporting env vars: AIRFLOW_CTX_DAG_OWNER='***' AIRFLOW_CTX_DAG_ID='ecommerce_sales_pipeline' AIRFLOW_CTX_TASK_ID='wait_for_file' AIRFLOW_CTX_EXECUTION_DATE='2026-06-22T22:18:10.468434+00:00' AIRFLOW_CTX_TRY_NUMBER='1' AIRFLOW_CTX_DAG_RUN_ID='manual__2026-06-22T22:18:10.468434+00:00'
[2026-06-22T22:18:12.087+0000] {taskinstance.py:430} INFO - ::endgroup::
[2026-06-22T22:18:12.150+0000] {baseoperator.py:399} WARNING - FileSensor.execute cannot be called outside TaskInstance!
[2026-06-22T22:18:12.234+0000] {base.py:84} INFO - Using connection ID 'fs_default' for task execution.
[2026-06-22T22:18:12.236+0000] {filesystem.py:85} INFO - Poking for file /opt/***/data/dataset.csv
[2026-06-22T22:18:12.237+0000] {filesystem.py:89} INFO - Found File /opt/***/data/dataset.csv last modified: 20260622092437
[2026-06-22T22:18:12.237+0000] {base.py:294} INFO - Success criteria met. Exiting.
[2026-06-22T22:18:12.239+0000] {filesystem.py:85} INFO - Poking for file /opt/***/data/dataset.csv
[2026-06-22T22:18:12.239+0000] {filesystem.py:89} INFO - Found File /opt/***/data/dataset.csv last modified: 20260622092437
[2026-06-22T22:18:12.240+0000] {taskinstance.py:441} INFO - ::group::Post task execution logs
[2026-06-22T22:18:12.268+0000] {taskinstance.py:1205} INFO - Marking task as SUCCESS. dag_id=ecommerce_sales_pipeline, task_id=wait_for_file, execution_date=20260622T221810, start_date=20260622T221811, end_date=20260622T221812
[2026-06-22T22:18:12.348+0000] {local_task_job_runner.py:240} INFO - Task exited with return code 0
[2026-06-22T22:18:12.478+0000] {taskinstance.py:3482} INFO - 1 downstream tasks scheduled from follow-on schedule check
[2026-06-22T22:18:12.485+0000] {local_task_job_runner.py:222} INFO - ::endgroup::
