[2026-06-22T17:22:45.464+0000] {local_task_job_runner.py:120} INFO - ::group::Pre task execution logs
[2026-06-22T17:22:45.549+0000] {taskinstance.py:2073} INFO - Dependencies all met for dep_context=non-requeueable deps ti=<TaskInstance: ecommerce_sales_pipeline.generate_report manual__2026-06-22T17:22:35.543874+00:00 [queued]>
[2026-06-22T17:22:45.564+0000] {taskinstance.py:2073} INFO - Dependencies all met for dep_context=requeueable deps ti=<TaskInstance: ecommerce_sales_pipeline.generate_report manual__2026-06-22T17:22:35.543874+00:00 [queued]>
[2026-06-22T17:22:45.565+0000] {taskinstance.py:2303} INFO - Starting attempt 1 of 3
[2026-06-22T17:22:45.590+0000] {taskinstance.py:2327} INFO - Executing <Task(PythonOperator): generate_report> on 2026-06-22 17:22:35.543874+00:00
[2026-06-22T17:22:45.600+0000] {logging_mixin.py:188} WARNING - /home/***/.local/lib/python3.12/site-packages/***/task/task_runner/standard_task_runner.py:61 DeprecationWarning: This process (pid=420) is multi-threaded, use of fork() may lead to deadlocks in the child.
[2026-06-22T17:22:45.600+0000] {standard_task_runner.py:90} INFO - Running: ['***', 'tasks', 'run', 'ecommerce_sales_pipeline', 'generate_report', 'manual__2026-06-22T17:22:35.543874+00:00', '--job-id', '23', '--raw', '--subdir', 'DAGS_FOLDER/ecommerce_sales_pipeline.py', '--cfg-path', '/tmp/tmp81kyapnu']
[2026-06-22T17:22:45.602+0000] {standard_task_runner.py:91} INFO - Job 23: Subtask generate_report
[2026-06-22T17:22:45.601+0000] {standard_task_runner.py:63} INFO - Started process 421 to run task
[2026-06-22T17:22:45.685+0000] {task_command.py:426} INFO - Running <TaskInstance: ecommerce_sales_pipeline.generate_report manual__2026-06-22T17:22:35.543874+00:00 [running]> on host e1104674939d
[2026-06-22T17:22:45.819+0000] {taskinstance.py:2644} INFO - Exporting env vars: AIRFLOW_CTX_DAG_OWNER='***' AIRFLOW_CTX_DAG_ID='ecommerce_sales_pipeline' AIRFLOW_CTX_TASK_ID='generate_report' AIRFLOW_CTX_EXECUTION_DATE='2026-06-22T17:22:35.543874+00:00' AIRFLOW_CTX_TRY_NUMBER='1' AIRFLOW_CTX_DAG_RUN_ID='manual__2026-06-22T17:22:35.543874+00:00'
[2026-06-22T17:22:45.821+0000] {taskinstance.py:430} INFO - ::endgroup::
[2026-06-22T17:22:45.878+0000] {logging_mixin.py:188} INFO - ==================================================
[2026-06-22T17:22:45.878+0000] {logging_mixin.py:188} INFO - RAPPORT FINAL E-COMMERCE
[2026-06-22T17:22:45.879+0000] {logging_mixin.py:188} INFO - ==================================================
[2026-06-22T17:22:45.879+0000] {logging_mixin.py:188} INFO - Nb commandes       : 17
[2026-06-22T17:22:45.880+0000] {logging_mixin.py:188} INFO - Nb clients         : 4
[2026-06-22T17:22:45.880+0000] {logging_mixin.py:188} INFO - Chiffre d'affaires : 309.06 €
[2026-06-22T17:22:45.881+0000] {logging_mixin.py:188} INFO - Panier moyen       : 18.18 €
[2026-06-22T17:22:45.881+0000] {logging_mixin.py:188} INFO - Lignes valides     : 18
[2026-06-22T17:22:45.881+0000] {logging_mixin.py:188} INFO - Lignes invalides   : 2
[2026-06-22T17:22:45.882+0000] {logging_mixin.py:188} INFO - ==================================================
[2026-06-22T17:22:45.884+0000] {logging_mixin.py:188} INFO - Rapport sauvegardé dans /opt/***/data/rapport_final.csv
[2026-06-22T17:22:45.885+0000] {python.py:237} INFO - Done. Returned value was: None
[2026-06-22T17:22:45.885+0000] {taskinstance.py:441} INFO - ::group::Post task execution logs
[2026-06-22T17:22:45.908+0000] {taskinstance.py:1205} INFO - Marking task as SUCCESS. dag_id=ecommerce_sales_pipeline, task_id=generate_report, execution_date=20260622T172235, start_date=20260622T172245, end_date=20260622T172245
[2026-06-22T17:22:45.954+0000] {local_task_job_runner.py:240} INFO - Task exited with return code 0
[2026-06-22T17:22:45.986+0000] {taskinstance.py:3482} INFO - 1 downstream tasks scheduled from follow-on schedule check
[2026-06-22T17:22:45.988+0000] {local_task_job_runner.py:222} INFO - ::endgroup::
