[2026-06-22T17:22:36.105+0000] {local_task_job_runner.py:120} INFO - ::group::Pre task execution logs
[2026-06-22T17:22:36.182+0000] {taskinstance.py:2073} INFO - Dependencies all met for dep_context=non-requeueable deps ti=<TaskInstance: ecommerce_sales_pipeline.wait_for_file manual__2026-06-22T17:22:35.543874+00:00 [queued]>
[2026-06-22T17:22:36.209+0000] {taskinstance.py:2073} INFO - Dependencies all met for dep_context=requeueable deps ti=<TaskInstance: ecommerce_sales_pipeline.wait_for_file manual__2026-06-22T17:22:35.543874+00:00 [queued]>
[2026-06-22T17:22:36.210+0000] {taskinstance.py:2303} INFO - Starting attempt 1 of 3
[2026-06-22T17:22:36.252+0000] {taskinstance.py:2327} INFO - Executing <Task(FileSensor): wait_for_file> on 2026-06-22 17:22:35.543874+00:00
[2026-06-22T17:22:36.267+0000] {logging_mixin.py:188} WARNING - /home/***/.local/lib/python3.12/site-packages/***/task/task_runner/standard_task_runner.py:61 DeprecationWarning: This process (pid=397) is multi-threaded, use of fork() may lead to deadlocks in the child.
[2026-06-22T17:22:36.268+0000] {standard_task_runner.py:63} INFO - Started process 398 to run task
[2026-06-22T17:22:36.267+0000] {standard_task_runner.py:90} INFO - Running: ['***', 'tasks', 'run', 'ecommerce_sales_pipeline', 'wait_for_file', 'manual__2026-06-22T17:22:35.543874+00:00', '--job-id', '14', '--raw', '--subdir', 'DAGS_FOLDER/ecommerce_sales_pipeline.py', '--cfg-path', '/tmp/tmp67szek67']
[2026-06-22T17:22:36.271+0000] {standard_task_runner.py:91} INFO - Job 14: Subtask wait_for_file
[2026-06-22T17:22:36.358+0000] {task_command.py:426} INFO - Running <TaskInstance: ecommerce_sales_pipeline.wait_for_file manual__2026-06-22T17:22:35.543874+00:00 [running]> on host e1104674939d
[2026-06-22T17:22:36.609+0000] {taskinstance.py:2644} INFO - Exporting env vars: AIRFLOW_CTX_DAG_OWNER='***' AIRFLOW_CTX_DAG_ID='ecommerce_sales_pipeline' AIRFLOW_CTX_TASK_ID='wait_for_file' AIRFLOW_CTX_EXECUTION_DATE='2026-06-22T17:22:35.543874+00:00' AIRFLOW_CTX_TRY_NUMBER='1' AIRFLOW_CTX_DAG_RUN_ID='manual__2026-06-22T17:22:35.543874+00:00'
[2026-06-22T17:22:36.613+0000] {taskinstance.py:430} INFO - ::endgroup::
[2026-06-22T17:22:36.633+0000] {baseoperator.py:399} WARNING - FileSensor.execute cannot be called outside TaskInstance!
[2026-06-22T17:22:36.668+0000] {base.py:84} INFO - Using connection ID 'fs_default' for task execution.
[2026-06-22T17:22:36.668+0000] {filesystem.py:85} INFO - Poking for file /opt/***/data/dataset.csv
[2026-06-22T17:22:36.669+0000] {filesystem.py:89} INFO - Found File /opt/***/data/dataset.csv last modified: 20260622092437
[2026-06-22T17:22:36.670+0000] {base.py:294} INFO - Success criteria met. Exiting.
[2026-06-22T17:22:36.671+0000] {filesystem.py:85} INFO - Poking for file /opt/***/data/dataset.csv
[2026-06-22T17:22:36.672+0000] {filesystem.py:89} INFO - Found File /opt/***/data/dataset.csv last modified: 20260622092437
[2026-06-22T17:22:36.672+0000] {taskinstance.py:441} INFO - ::group::Post task execution logs
[2026-06-22T17:22:36.701+0000] {taskinstance.py:1205} INFO - Marking task as SUCCESS. dag_id=ecommerce_sales_pipeline, task_id=wait_for_file, execution_date=20260622T172235, start_date=20260622T172236, end_date=20260622T172236
[2026-06-22T17:22:36.739+0000] {local_task_job_runner.py:240} INFO - Task exited with return code 0
[2026-06-22T17:22:36.796+0000] {taskinstance.py:3482} INFO - 1 downstream tasks scheduled from follow-on schedule check
[2026-06-22T17:22:36.798+0000] {local_task_job_runner.py:222} INFO - ::endgroup::
